#
# There is insufficient memory for the Java Runtime Environment to continue.
# Native memory allocation (malloc) failed to allocate 217936 bytes for Chunk::new
# Possible reasons:
#   The system is out of physical RAM or swap space
#   In 32 bit mode, the process size limit was hit
# Possible solutions:
#   Reduce memory load on the system
#   Increase physical memory or swap space
#   Check if swap backing store is full
#   Use 64 bit Java on a 64 bit OS
#   Decrease Java heap size (-Xmx/-Xms)
#   Decrease number of Java threads
#   Decrease Java thread stack sizes (-Xss)
#   Set larger code cache with -XX:ReservedCodeCacheSize=
# This output file may be truncated or incomplete.
#
#  Out of Memory Error (allocation.cpp:390), pid=22684, tid=0x0000000000002a50
#
# JRE version: OpenJDK Runtime Environment (8.0) (build 1.8.0-adoptopenjdk-_2018_05_19_00_59-b00)
# Java VM: OpenJDK 64-Bit Server VM (25.71-b00 mixed mode windows-amd64 compressed oops)
# Failed to write core dump. Minidumps are not enabled by default on client versions of Windows
#

---------------  T H R E A D  ---------------

Current thread (0x000000001ce3c000):  JavaThread "C2 CompilerThread0" daemon [_thread_in_native, id=10832, stack(0x000000001f400000,0x000000001f500000)]

Stack: [0x000000001f400000,0x000000001f500000]
[error occurred during error reporting (printing stack bounds), id 0xc0000005]

Native frames: (J=compiled Java code, j=interpreted, Vv=VM code, C=native code)


Current CompileTask:
C2:   7205  835       4       sun.misc.ProxyGenerator$ConstantPool::getValue (91 bytes)


---------------  P R O C E S S  ---------------

Java Threads: ( => current thread )
  0x000000001ee3b800 JavaThread "Service Thread" daemon [_thread_blocked, id=19436, stack(0x000000001f800000,0x000000001f900000)]
  0x000000001eda0000 JavaThread "C1 CompilerThread3" daemon [_thread_in_native, id=5708, stack(0x000000001f700000,0x000000001f800000)]
  0x000000001ed9a000 JavaThread "C2 CompilerThread2" daemon [_thread_in_native, id=15512, stack(0x000000001f600000,0x000000001f700000)]
  0x000000001ce3e000 JavaThread "C2 CompilerThread1" daemon [_thread_in_native, id=5700, stack(0x000000001f500000,0x000000001f600000)]
=>0x000000001ce3c000 JavaThread "C2 CompilerThread0" daemon [_thread_in_native, id=10832, stack(0x000000001f400000,0x000000001f500000)]
  0x000000001ed98800 JavaThread "Attach Listener" daemon [_thread_blocked, id=11856, stack(0x000000001f300000,0x000000001f400000)]
  0x000000001ed47000 JavaThread "Signal Dispatcher" daemon [_thread_blocked, id=14388, stack(0x000000001f200000,0x000000001f300000)]
  0x000000001ed20800 JavaThread "Finalizer" daemon [_thread_blocked, id=1632, stack(0x000000001f100000,0x000000001f200000)]
  0x00000000033ba800 JavaThread "Reference Handler" daemon [_thread_blocked, id=20796, stack(0x000000001ec00000,0x000000001ed00000)]
  0x00000000032c3800 JavaThread "main" [_thread_in_Java, id=592, stack(0x0000000003160000,0x0000000003260000)]

Other Threads:
  0x000000001ce27000 VMThread [stack: 0x000000001eb00000,0x000000001ec00000] [id=7220]
  0x000000001eddc000 WatcherThread [stack: 0x000000001f900000,0x000000001fa00000] [id=22096]

VM state:not at safepoint (normal execution)

VM Mutex/Monitor currently owned by a thread: None

Heap:
 PSYoungGen      total 76288K, used 41946K [0x000000076b100000, 0x0000000770600000, 0x00000007c0000000)
  eden space 65536K, 64% used [0x000000076b100000,0x000000076d9f6ab0,0x000000076f100000)
  from space 10752K, 0% used [0x000000076fb80000,0x000000076fb80000,0x0000000770600000)
  to   space 10752K, 0% used [0x000000076f100000,0x000000076f100000,0x000000076fb80000)
 ParOldGen       total 175104K, used 0K [0x00000006c1200000, 0x00000006cbd00000, 0x000000076b100000)
  object space 175104K, 0% used [0x00000006c1200000,0x00000006c1200000,0x00000006cbd00000)
 Metaspace       used 8700K, capacity 8986K, committed 9088K, reserved 1056768K
  class space    used 1051K, capacity 1134K, committed 1152K, reserved 1048576K

Card table byte_map: [0x0000000012780000,0x0000000012f80000] byte_map_base: 0x000000000f177000

Marking Bits: (ParMarkBitMap*) 0x00000000584abe50
 Begin Bits: [0x0000000013cd0000, 0x0000000017c88000)
 End Bits:   [0x0000000017c88000, 0x000000001bc40000)

Polling page: 0x00000000010f0000

CodeCache: size=245760Kb used=3109Kb max_used=3109Kb free=242650Kb
 bounds [0x00000000033c0000, 0x00000000036d0000, 0x00000000123c0000]
 total_blobs=1187 nmethods=856 adapters=241
 compilation: enabled

Compilation events (10 events):
Event: 7.203 Thread 0x000000001eda0000 nmethod 847 0x00000000036bf810 code [0x00000000036bf960, 0x00000000036bfbb0]
Event: 7.203 Thread 0x000000001eda0000  849       1       java.lang.reflect.Field::getModifiers (5 bytes)
Event: 7.203 Thread 0x000000001eda0000 nmethod 849 0x00000000036bf550 code [0x00000000036bf6a0, 0x00000000036bf7b0]
Event: 7.203 Thread 0x000000001eda0000  850       3       sun.reflect.UTF8::utf8Length (81 bytes)
Event: 7.203 Thread 0x000000001eda0000 nmethod 850 0x00000000036bead0 code [0x00000000036bec80, 0x00000000036bf2c8]
Event: 7.203 Thread 0x000000001eda0000  851   !   3       sun.reflect.UTF8::encode (191 bytes)
Event: 7.204 Thread 0x000000001eda0000 nmethod 851 0x00000000036c1b90 code [0x00000000036c1d80, 0x00000000036c2648]
Event: 7.204 Thread 0x000000001eda0000  852       3       sun.reflect.ClassFileAssembler::cpi (22 bytes)
Event: 7.204 Thread 0x000000001eda0000 nmethod 852 0x00000000036be650 code [0x00000000036be7c0, 0x00000000036bea08]
Event: 7.204 Thread 0x000000001eda0000  854       3       sun.reflect.annotation.AnnotationInvocationHandler::invoke (277 bytes)

GC Heap History (0 events):
No events

Deoptimization events (4 events):
Event: 7.096 Thread 0x00000000032c3800 Uncommon trap: reason=unstable_if action=reinterpret pc=0x00000000035a169c method=java.lang.String.indexOf([CII[CIII)I @ 3
Event: 7.146 Thread 0x00000000032c3800 Uncommon trap: reason=unstable_if action=reinterpret pc=0x000000000368d4c4 method=java.util.HashMap.getNode(ILjava/lang/Object;)Ljava/util/HashMap$Node; @ 129
Event: 7.158 Thread 0x00000000032c3800 Uncommon trap: reason=range_check action=make_not_entrant pc=0x00000000036914e8 method=sun.reflect.generics.parser.SignatureParser.current()C @ 34
Event: 7.161 Thread 0x00000000032c3800 Uncommon trap: reason=unstable_if action=reinterpret pc=0x000000000368f3cc method=java.util.HashMap.getNode(ILjava/lang/Object;)Ljava/util/HashMap$Node; @ 129

Classes redefined (0 events):
No events

Internal exceptions (10 events):
Event: 7.158 Thread 0x00000000032c3800 Exception <a 'java/lang/ArrayIndexOutOfBoundsException'> (0x000000076d6a00c0) thrown at [C:\Users\jenkins\workspace\openjdk8_build_x86-64_windows\openjdk\hotspot\src\share\vm\runtime\sharedRuntime.cpp, line 605]
Event: 7.158 Thread 0x00000000032c3800 Exception <a 'java/lang/ArrayIndexOutOfBoundsException'> (0x000000076d6a1310) thrown at [C:\Users\jenkins\workspace\openjdk8_build_x86-64_windows\openjdk\hotspot\src\share\vm\runtime\sharedRuntime.cpp, line 605]
Event: 7.158 Thread 0x00000000032c3800 Exception <a 'java/lang/ArrayIndexOutOfBoundsException'> (0x000000076d6a2020) thrown at [C:\Users\jenkins\workspace\openjdk8_build_x86-64_windows\openjdk\hotspot\src\share\vm\runtime\sharedRuntime.cpp, line 605]
Event: 7.158 Thread 0x00000000032c3800 Exception <a 'java/lang/ArrayIndexOutOfBoundsException': 72> (0x000000076d6a2fa0) thrown at [C:\Users\jenkins\workspace\openjdk8_build_x86-64_windows\openjdk\hotspot\src\share\vm\interpreter\interpreterRuntime.cpp, line 366]
Event: 7.158 Thread 0x00000000032c3800 Exception <a 'java/lang/ArrayIndexOutOfBoundsException': 56> (0x000000076d6a4338) thrown at [C:\Users\jenkins\workspace\openjdk8_build_x86-64_windows\openjdk\hotspot\src\share\vm\interpreter\interpreterRuntime.cpp, line 366]
Event: 7.158 Thread 0x00000000032c3800 Exception <a 'java/lang/ArrayIndexOutOfBoundsException': 56> (0x000000076d6a5048) thrown at [C:\Users\jenkins\workspace\openjdk8_build_x86-64_windows\openjdk\hotspot\src\share\vm\interpreter\interpreterRuntime.cpp, line 366]
Event: 7.158 Thread 0x00000000032c3800 Exception <a 'java/lang/ArrayIndexOutOfBoundsException': 76> (0x000000076d6a5fd0) thrown at [C:\Users\jenkins\workspace\openjdk8_build_x86-64_windows\openjdk\hotspot\src\share\vm\interpreter\interpreterRuntime.cpp, line 366]
Event: 7.158 Thread 0x00000000032c3800 Exception <a 'java/lang/ArrayIndexOutOfBoundsException': 74> (0x000000076d6a6f08) thrown at [C:\Users\jenkins\workspace\openjdk8_build_x86-64_windows\openjdk\hotspot\src\share\vm\interpreter\interpreterRuntime.cpp, line 366]
Event: 7.158 Thread 0x00000000032c3800 Exception <a 'java/lang/ArrayIndexOutOfBoundsException': 74> (0x000000076d6a7e30) thrown at [C:\Users\jenkins\workspace\openjdk8_build_x86-64_windows\openjdk\hotspot\src\share\vm\interpreter\interpreterRuntime.cpp, line 366]
Event: 7.158 Thread 0x00000000032c3800 Exception <a 'java/lang/ArrayIndexOutOfBoundsException': 72> (0x000000076d6a8e60) thrown at [C:\Users\jenkins\workspace\openjdk8_build_x86-64_windows\openjdk\hotspot\src\share\vm\interpreter\interpreterRuntime.cpp, line 366]

Events (10 events):
Event: 7.179 loading class com/android/repository/Revision
Event: 7.179 loading class com/android/repository/Revision done
Event: 7.197 loading class com/sun/xml/internal/bind/v2/runtime/reflect/Accessor$GetterSetterReflection
Event: 7.197 loading class com/sun/xml/internal/bind/v2/runtime/reflect/Accessor$GetterSetterReflection done
Event: 7.197 loading class com/sun/xml/internal/bind/v2/model/impl/GetterSetterPropertySeed
Event: 7.198 loading class com/sun/xml/internal/bind/v2/model/impl/GetterSetterPropertySeed done
Event: 7.198 loading class javax/xml/bind/annotation/XmlAccessOrder
Event: 7.198 loading class javax/xml/bind/annotation/XmlAccessOrder done
Event: 7.201 loading class sun/reflect/BootstrapConstructorAccessorImpl
Event: 7.202 loading class sun/reflect/BootstrapConstructorAccessorImpl done


Dynamic libraries:
0x00007ff7946d0000 - 0x00007ff794705000 	C:\Unity2018\Unity\Editor\Data\PlaybackEngines\AndroidPlayer\Tools\OpenJDK\Windows\bin\java.exe
0x00007ffdb9640000 - 0x00007ffdb9830000 	C:\WINDOWS\SYSTEM32\ntdll.dll
0x00007ffdb79e0000 - 0x00007ffdb7a92000 	C:\WINDOWS\System32\KERNEL32.DLL
0x00007ffdb7180000 - 0x00007ffdb7423000 	C:\WINDOWS\System32\KERNELBASE.dll
0x00007ffdb76f0000 - 0x00007ffdb7793000 	C:\WINDOWS\System32\ADVAPI32.dll
0x00007ffdb7870000 - 0x00007ffdb790e000 	C:\WINDOWS\System32\msvcrt.dll
0x00007ffdb8dd0000 - 0x00007ffdb8e67000 	C:\WINDOWS\System32\sechost.dll
0x00007ffdb87e0000 - 0x00007ffdb8900000 	C:\WINDOWS\System32\RPCRT4.dll
0x00007ffdb9040000 - 0x00007ffdb91d4000 	C:\WINDOWS\System32\USER32.dll
0x00007ffdb76c0000 - 0x00007ffdb76e1000 	C:\WINDOWS\System32\win32u.dll
0x00007ffdb8900000 - 0x00007ffdb8926000 	C:\WINDOWS\System32\GDI32.dll
0x00007ffdb7430000 - 0x00007ffdb75c4000 	C:\WINDOWS\System32\gdi32full.dll
0x00007ffdb70b0000 - 0x00007ffdb714e000 	C:\WINDOWS\System32\msvcp_win.dll
0x00007ffdb6680000 - 0x00007ffdb677a000 	C:\WINDOWS\System32\ucrtbase.dll
0x00007ffdad5a0000 - 0x00007ffdad825000 	C:\WINDOWS\WinSxS\amd64_microsoft.windows.common-controls_6595b64144ccf1df_6.0.18362.476_none_e6c4b11b130f2595\COMCTL32.dll
0x00007ffdb89a0000 - 0x00007ffdb8cd6000 	C:\WINDOWS\System32\combase.dll
0x00007ffdb7640000 - 0x00007ffdb76c0000 	C:\WINDOWS\System32\bcryptPrimitives.dll
0x00007ffdb9550000 - 0x00007ffdb957e000 	C:\WINDOWS\System32\IMM32.DLL
0x0000000058530000 - 0x0000000058602000 	C:\Unity2018\Unity\Editor\Data\PlaybackEngines\AndroidPlayer\Tools\OpenJDK\Windows\jre\bin\msvcr100.dll
0x0000000057ce0000 - 0x0000000058529000 	C:\Unity2018\Unity\Editor\Data\PlaybackEngines\AndroidPlayer\Tools\OpenJDK\Windows\jre\bin\server\jvm.dll
0x00007ffdb8d40000 - 0x00007ffdb8d48000 	C:\WINDOWS\System32\PSAPI.DLL
0x00007ffdaae00000 - 0x00007ffdaae09000 	C:\WINDOWS\SYSTEM32\WSOCK32.dll
0x00007ffdb2870000 - 0x00007ffdb2894000 	C:\WINDOWS\SYSTEM32\WINMM.dll
0x00007ffdb23b0000 - 0x00007ffdb23ba000 	C:\WINDOWS\SYSTEM32\VERSION.dll
0x00007ffdb8930000 - 0x00007ffdb899f000 	C:\WINDOWS\System32\WS2_32.dll
0x00007ffdb2830000 - 0x00007ffdb285d000 	C:\WINDOWS\SYSTEM32\winmmbase.dll
0x00007ffdb75d0000 - 0x00007ffdb761a000 	C:\WINDOWS\System32\cfgmgr32.dll
0x00007ffda7080000 - 0x00007ffda708f000 	C:\Unity2018\Unity\Editor\Data\PlaybackEngines\AndroidPlayer\Tools\OpenJDK\Windows\jre\bin\verify.dll
0x00007ffd995d0000 - 0x00007ffd995f9000 	C:\Unity2018\Unity\Editor\Data\PlaybackEngines\AndroidPlayer\Tools\OpenJDK\Windows\jre\bin\java.dll
0x00007ffd9aef0000 - 0x00007ffd9af06000 	C:\Unity2018\Unity\Editor\Data\PlaybackEngines\AndroidPlayer\Tools\OpenJDK\Windows\jre\bin\zip.dll
0x00007ffdb80f0000 - 0x00007ffdb87d5000 	C:\WINDOWS\System32\SHELL32.dll
0x00007ffdb8ee0000 - 0x00007ffdb8f89000 	C:\WINDOWS\System32\shcore.dll
0x00007ffdb6930000 - 0x00007ffdb70ae000 	C:\WINDOWS\System32\windows.storage.dll
0x00007ffdb6590000 - 0x00007ffdb65af000 	C:\WINDOWS\System32\profapi.dll
0x00007ffdb6540000 - 0x00007ffdb658a000 	C:\WINDOWS\System32\powrprof.dll
0x00007ffdb6510000 - 0x00007ffdb6520000 	C:\WINDOWS\System32\UMPDC.dll
0x00007ffdb8ce0000 - 0x00007ffdb8d32000 	C:\WINDOWS\System32\shlwapi.dll
0x00007ffdb6520000 - 0x00007ffdb6531000 	C:\WINDOWS\System32\kernel.appcore.dll
0x00007ffdb7620000 - 0x00007ffdb7637000 	C:\WINDOWS\System32\cryptsp.dll
0x00007ffd99a90000 - 0x00007ffd99aaa000 	C:\Unity2018\Unity\Editor\Data\PlaybackEngines\AndroidPlayer\Tools\OpenJDK\Windows\jre\bin\net.dll
0x00007ffdb5d80000 - 0x00007ffdb5de7000 	C:\WINDOWS\system32\mswsock.dll
0x00007ffd988c0000 - 0x00007ffd988d1000 	C:\Unity2018\Unity\Editor\Data\PlaybackEngines\AndroidPlayer\Tools\OpenJDK\Windows\jre\bin\nio.dll

VM Arguments:
jvm_args: -Dcom.android.sdklib.toolsdir=F:\Android\sdk\tools\bin\\.. 
java_command: com.android.sdklib.tool.sdkmanager.SdkManagerCli --list
java_class_path (initial): F:\Android\sdk\tools\bin\..\lib\dvlib-26.0.0-dev.jar;F:\Android\sdk\tools\bin\..\lib\jimfs-1.1.jar;F:\Android\sdk\tools\bin\..\lib\jsr305-1.3.9.jar;F:\Android\sdk\tools\bin\..\lib\repository-26.0.0-dev.jar;F:\Android\sdk\tools\bin\..\lib\j2objc-annotations-1.1.jar;F:\Android\sdk\tools\bin\..\lib\layoutlib-api-26.0.0-dev.jar;F:\Android\sdk\tools\bin\..\lib\gson-2.3.jar;F:\Android\sdk\tools\bin\..\lib\httpcore-4.2.5.jar;F:\Android\sdk\tools\bin\..\lib\commons-logging-1.1.1.jar;F:\Android\sdk\tools\bin\..\lib\commons-compress-1.12.jar;F:\Android\sdk\tools\bin\..\lib\annotations-26.0.0-dev.jar;F:\Android\sdk\tools\bin\..\lib\error_prone_annotations-2.0.18.jar;F:\Android\sdk\tools\bin\..\lib\animal-sniffer-annotations-1.14.jar;F:\Android\sdk\tools\bin\..\lib\httpclient-4.2.6.jar;F:\Android\sdk\tools\bin\..\lib\commons-codec-1.6.jar;F:\Android\sdk\tools\bin\..\lib\common-26.0.0-dev.jar;F:\Android\sdk\tools\bin\..\lib\kxml2-2.3.0.jar;F:\Android\sdk\tools\bin\..\lib\httpmime-4.1.jar;F:\Android\sdk\tools\bin\..\lib\annotations-12.0.jar;F:\Android\sdk\tools\bin\..\lib\sdklib-26.0.0-dev.jar;F:\Android\sdk\tools\bin\..\lib\guava-22.0.jar
Launcher Type: SUN_STANDARD

Environment Variables:
JAVA_HOME=C:\Unity2018\Unity\Editor\Data\PlaybackEngines\AndroidPlayer/Tools\OpenJDK\Windows
CLASSPATH=F:\Android\sdk\tools\bin\..\lib\dvlib-26.0.0-dev.jar;F:\Android\sdk\tools\bin\..\lib\jimfs-1.1.jar;F:\Android\sdk\tools\bin\..\lib\jsr305-1.3.9.jar;F:\Android\sdk\tools\bin\..\lib\repository-26.0.0-dev.jar;F:\Android\sdk\tools\bin\..\lib\j2objc-annotations-1.1.jar;F:\Android\sdk\tools\bin\..\lib\layoutlib-api-26.0.0-dev.jar;F:\Android\sdk\tools\bin\..\lib\gson-2.3.jar;F:\Android\sdk\tools\bin\..\lib\httpcore-4.2.5.jar;F:\Android\sdk\tools\bin\..\lib\commons-logging-1.1.1.jar;F:\Android\sdk\tools\bin\..\lib\commons-compress-1.12.jar;F:\Android\sdk\tools\bin\..\lib\annotations-26.0.0-dev.jar;F:\Android\sdk\tools\bin\..\lib\error_prone_annotations-2.0.18.jar;F:\Android\sdk\tools\bin\..\lib\animal-sniffer-annotations-1.14.jar;F:\Android\sdk\tools\bin\..\lib\httpclient-4.2.6.jar;F:\Android\sdk\tools\bin\..\lib\commons-codec-1.6.jar;F:\Android\sdk\tools\bin\..\lib\common-26.0.0-dev.jar;F:\Android\sdk\tools\bin\..\lib\kxml2-2.3.0.jar;F:\Android\sdk\tools\bin\..\lib\httpmime-4.1.jar;F:\Android\sdk\tools\bin\..\lib\annotations-12.0.jar;F:\Android\sdk\tools\bin\..\lib\sdklib-26.0.0-dev.jar;F:\Android\sdk\tools\bin\..\lib\guava-22.0.jar
USERNAME=dev
OS=Windows_NT
PROCESSOR_IDENTIFIER=Intel64 Family 6 Model 94 Stepping 3, GenuineIntel



---------------  S Y S T E M  ---------------

OS: Windows 10.0 , 64 bit Build 18362 (10.0.18362.329)

CPU:total 8 (initial active 8) (4 cores per cpu, 2 threads per core) family 6 model 94 stepping 3, cmov, cx8, fxsr, mmx, sse, sse2, sse3, ssse3, sse4.1, sse4.2, popcnt, avx, avx2, aes, clmul, erms, rtm, 3dnowpref, lzcnt, ht, tsc, tscinvbit, bmi1, bmi2, adx

Memory: 4k page, physical 16695664k(4323880k free), swap 16695664k(5120k free)

vm_info: OpenJDK 64-Bit Server VM (25.71-b00) for windows-amd64 JRE (1.8.0-adoptopenjdk-_2018_05_19_00_59-b00), built on May 19 2018 01:02:12 by "jenkins" with MS VC++ 10.0 (VS2010)

time: Fri Dec 06 15:16:34 2019
elapsed time: 7 seconds (0d 0h 0m 7s)

